<?xml version="1.0" encoding="UTF-8"?>
<!-- Generated by org.testng.reporters.JUnitReportReporter -->
<testsuite hostname="Reshma-PC" failures="0" tests="4" name="seleniumprojects.LifeInsurance" time="0.008" errors="0" timestamp="2022-03-30T00:00:32 MDT" skipped="0">
  <testcase classname="seleniumprojects.LifeInsurance" name="WebLoginLife" time="0.001"/>
  <system-out/>
  <testcase classname="seleniumprojects.LifeInsurance" name="APILogin" time="0.004"/>
  <system-out/>
  <testcase classname="seleniumprojects.LifeInsurance" name="MobileLoginLife" time="0.001"/>
  <system-out/>
  <testcase classname="seleniumprojects.LifeInsurance" name="WebLogoutLife" time="0.002"/>
  <system-out/>
</testsuite> <!-- seleniumprojects.LifeInsurance -->
